<?xml version="1.0" encoding="UTF-8"?>
<!-- Generated by org.testng.reporters.JUnitReportReporter -->
<testsuite hostname="LAPTOP-DATJALVN" failures="0" tests="7" name="Testsauce.test" time="31.082" errors="0" timestamp="2024-06-15T07:18:28 IST" skipped="0">
  <testcase classname="Testsauce.test" name="Checkout" time="4.437"/>
  <system-out/>
  <testcase classname="Testsauce.test" name="form" time="4.652"/>
  <system-out/>
  <testcase classname="Testsauce.test" name="Cart" time="3.970"/>
  <system-out/>
  <testcase classname="Testsauce.test" name="thanks" time="6.445"/>
  <system-out/>
  <testcase classname="Testsauce.test" name="login" time="3.422"/>
  <system-out/>
  <testcase classname="Testsauce.test" name="Home" time="3.501"/>
  <system-out/>
  <testcase classname="Testsauce.test" name="login" time="4.655"/>
  <system-out/>
</testsuite> <!-- Testsauce.test -->
